ARM GAS  C:\Users\parni\AppData\Local\Temp\ccUkJq5N.s 			page 1


   1              		.cpu cortex-m4
   2              		.arch armv7e-m
   3              		.fpu fpv4-sp-d16
   4              		.eabi_attribute 27, 1
   5              		.eabi_attribute 28, 1
   6              		.eabi_attribute 20, 1
   7              		.eabi_attribute 21, 1
   8              		.eabi_attribute 23, 3
   9              		.eabi_attribute 24, 1
  10              		.eabi_attribute 25, 1
  11              		.eabi_attribute 26, 1
  12              		.eabi_attribute 30, 1
  13              		.eabi_attribute 34, 1
  14              		.eabi_attribute 18, 4
  15              		.file	"it_handlers.c"
  16              		.text
  17              	.Ltext0:
  18              		.cfi_sections	.debug_frame
  19              		.file 1 "Core/Src/it_handlers.c"
  20              		.section	.text.SysTick_Handler,"ax",%progbits
  21              		.align	1
  22              		.global	SysTick_Handler
  23              		.syntax unified
  24              		.thumb
  25              		.thumb_func
  27              	SysTick_Handler:
  28              	.LFB130:
   1:Core/Src/it_handlers.c **** #include "..\Inc\init.h"
   2:Core/Src/it_handlers.c **** 
   3:Core/Src/it_handlers.c **** extern uint16_t left_encoder_ticks;
   4:Core/Src/it_handlers.c **** extern uint16_t right_encoder_ticks;
   5:Core/Src/it_handlers.c **** 
   6:Core/Src/it_handlers.c **** extern uint32_t left_delay_counter;
   7:Core/Src/it_handlers.c **** extern uint32_t right_delay_counter;
   8:Core/Src/it_handlers.c **** extern uint16_t button_delay_counter;
   9:Core/Src/it_handlers.c **** 
  10:Core/Src/it_handlers.c **** extern bool status_button;
  11:Core/Src/it_handlers.c **** 
  12:Core/Src/it_handlers.c **** void SysTick_Handler(void)
  13:Core/Src/it_handlers.c **** {
  29              		.loc 1 13 1 view -0
  30              		.cfi_startproc
  31              		@ args = 0, pretend = 0, frame = 0
  32              		@ frame_needed = 0, uses_anonymous_args = 0
  33              		@ link register save eliminated.
  14:Core/Src/it_handlers.c ****     if (left_delay_counter > 0)
  34              		.loc 1 14 5 view .LVU1
  35              		.loc 1 14 28 is_stmt 0 view .LVU2
  36 0000 094B     		ldr	r3, .L5
  37 0002 1B68     		ldr	r3, [r3]
  38              		.loc 1 14 8 view .LVU3
  39 0004 13B1     		cbz	r3, .L2
  15:Core/Src/it_handlers.c ****     {
  16:Core/Src/it_handlers.c ****         left_delay_counter--;
  40              		.loc 1 16 9 is_stmt 1 view .LVU4
  41              		.loc 1 16 27 is_stmt 0 view .LVU5
  42 0006 013B     		subs	r3, r3, #1
ARM GAS  C:\Users\parni\AppData\Local\Temp\ccUkJq5N.s 			page 2


  43 0008 074A     		ldr	r2, .L5
  44 000a 1360     		str	r3, [r2]
  45              	.L2:
  17:Core/Src/it_handlers.c ****     }
  18:Core/Src/it_handlers.c ****     if (right_delay_counter > 0)
  46              		.loc 1 18 5 is_stmt 1 view .LVU6
  47              		.loc 1 18 29 is_stmt 0 view .LVU7
  48 000c 074B     		ldr	r3, .L5+4
  49 000e 1B68     		ldr	r3, [r3]
  50              		.loc 1 18 8 view .LVU8
  51 0010 13B1     		cbz	r3, .L3
  19:Core/Src/it_handlers.c ****     {
  20:Core/Src/it_handlers.c ****         right_delay_counter--;
  52              		.loc 1 20 9 is_stmt 1 view .LVU9
  53              		.loc 1 20 28 is_stmt 0 view .LVU10
  54 0012 013B     		subs	r3, r3, #1
  55 0014 054A     		ldr	r2, .L5+4
  56 0016 1360     		str	r3, [r2]
  57              	.L3:
  21:Core/Src/it_handlers.c ****     }
  22:Core/Src/it_handlers.c ****     if (button_delay_counter > 0)
  58              		.loc 1 22 5 is_stmt 1 view .LVU11
  59              		.loc 1 22 30 is_stmt 0 view .LVU12
  60 0018 054B     		ldr	r3, .L5+8
  61 001a 1B88     		ldrh	r3, [r3]
  62              		.loc 1 22 8 view .LVU13
  63 001c 13B1     		cbz	r3, .L1
  23:Core/Src/it_handlers.c ****     {
  24:Core/Src/it_handlers.c ****         button_delay_counter--;
  64              		.loc 1 24 9 is_stmt 1 view .LVU14
  65              		.loc 1 24 29 is_stmt 0 view .LVU15
  66 001e 013B     		subs	r3, r3, #1
  67 0020 034A     		ldr	r2, .L5+8
  68 0022 1380     		strh	r3, [r2]	@ movhi
  69              	.L1:
  25:Core/Src/it_handlers.c ****     }
  26:Core/Src/it_handlers.c **** }
  70              		.loc 1 26 1 view .LVU16
  71 0024 7047     		bx	lr
  72              	.L6:
  73 0026 00BF     		.align	2
  74              	.L5:
  75 0028 00000000 		.word	left_delay_counter
  76 002c 00000000 		.word	right_delay_counter
  77 0030 00000000 		.word	button_delay_counter
  78              		.cfi_endproc
  79              	.LFE130:
  81              		.section	.text.EXTI15_10_IRQHandler,"ax",%progbits
  82              		.align	1
  83              		.global	EXTI15_10_IRQHandler
  84              		.syntax unified
  85              		.thumb
  86              		.thumb_func
  88              	EXTI15_10_IRQHandler:
  89              	.LFB131:
  27:Core/Src/it_handlers.c **** 
  28:Core/Src/it_handlers.c **** 
ARM GAS  C:\Users\parni\AppData\Local\Temp\ccUkJq5N.s 			page 3


  29:Core/Src/it_handlers.c **** void EXTI15_10_IRQHandler(void)
  30:Core/Src/it_handlers.c **** {
  90              		.loc 1 30 1 is_stmt 1 view -0
  91              		.cfi_startproc
  92              		@ args = 0, pretend = 0, frame = 0
  93              		@ frame_needed = 0, uses_anonymous_args = 0
  94              		@ link register save eliminated.
  31:Core/Src/it_handlers.c ****     // Обработчик прерываний с правого энкодера PC12
  32:Core/Src/it_handlers.c ****     if (READ_BIT(EXTI->PR, EXTI_PR_PR12))
  95              		.loc 1 32 5 view .LVU18
  96              		.loc 1 32 9 is_stmt 0 view .LVU19
  97 0000 174B     		ldr	r3, .L12
  98 0002 5B69     		ldr	r3, [r3, #20]
  99              		.loc 1 32 8 view .LVU20
 100 0004 13F4805F 		tst	r3, #4096
 101 0008 0ED0     		beq	.L8
  33:Core/Src/it_handlers.c ****     {
  34:Core/Src/it_handlers.c ****         if (right_delay_counter == 0)
 102              		.loc 1 34 9 is_stmt 1 view .LVU21
 103              		.loc 1 34 33 is_stmt 0 view .LVU22
 104 000a 164B     		ldr	r3, .L12+4
 105 000c 1B68     		ldr	r3, [r3]
 106              		.loc 1 34 12 view .LVU23
 107 000e 33B9     		cbnz	r3, .L9
  35:Core/Src/it_handlers.c ****         {
  36:Core/Src/it_handlers.c ****             right_encoder_ticks++;
 108              		.loc 1 36 13 is_stmt 1 view .LVU24
 109              		.loc 1 36 32 is_stmt 0 view .LVU25
 110 0010 154A     		ldr	r2, .L12+8
 111 0012 1388     		ldrh	r3, [r2]
 112 0014 0133     		adds	r3, r3, #1
 113 0016 1380     		strh	r3, [r2]	@ movhi
  37:Core/Src/it_handlers.c ****             right_delay_counter = 60;
 114              		.loc 1 37 13 is_stmt 1 view .LVU26
 115              		.loc 1 37 33 is_stmt 0 view .LVU27
 116 0018 124B     		ldr	r3, .L12+4
 117 001a 3C22     		movs	r2, #60
 118 001c 1A60     		str	r2, [r3]
 119              	.L9:
  38:Core/Src/it_handlers.c ****         }
  39:Core/Src/it_handlers.c ****         SET_BIT(EXTI->PR, EXTI_PR_PR12);
 120              		.loc 1 39 9 is_stmt 1 view .LVU28
 121 001e 104A     		ldr	r2, .L12
 122 0020 5369     		ldr	r3, [r2, #20]
 123 0022 43F48053 		orr	r3, r3, #4096
 124 0026 5361     		str	r3, [r2, #20]
 125              	.L8:
  40:Core/Src/it_handlers.c ****     }
  41:Core/Src/it_handlers.c **** 
  42:Core/Src/it_handlers.c ****     // Обработчик прерываний с кнопки PC13
  43:Core/Src/it_handlers.c ****     if (READ_BIT(EXTI->PR, EXTI_PR_PR13))
 126              		.loc 1 43 5 view .LVU29
 127              		.loc 1 43 9 is_stmt 0 view .LVU30
 128 0028 0D4B     		ldr	r3, .L12
 129 002a 5B69     		ldr	r3, [r3, #20]
 130              		.loc 1 43 8 view .LVU31
 131 002c 13F4005F 		tst	r3, #8192
ARM GAS  C:\Users\parni\AppData\Local\Temp\ccUkJq5N.s 			page 4


 132 0030 14D0     		beq	.L7
  44:Core/Src/it_handlers.c ****     {
  45:Core/Src/it_handlers.c ****         if (((READ_BIT(GPIOC->IDR, GPIO_IDR_ID13) != 0)) && (button_delay_counter == 0))
 133              		.loc 1 45 9 is_stmt 1 view .LVU32
 134              		.loc 1 45 15 is_stmt 0 view .LVU33
 135 0032 0E4B     		ldr	r3, .L12+12
 136 0034 1B69     		ldr	r3, [r3, #16]
 137              		.loc 1 45 12 view .LVU34
 138 0036 13F4005F 		tst	r3, #8192
 139 003a 0AD0     		beq	.L11
 140              		.loc 1 45 83 discriminator 1 view .LVU35
 141 003c 0C4B     		ldr	r3, .L12+16
 142 003e 1B88     		ldrh	r3, [r3]
 143              		.loc 1 45 58 discriminator 1 view .LVU36
 144 0040 3BB9     		cbnz	r3, .L11
  46:Core/Src/it_handlers.c ****         {
  47:Core/Src/it_handlers.c ****             button_delay_counter = 100;
 145              		.loc 1 47 13 is_stmt 1 view .LVU37
 146              		.loc 1 47 34 is_stmt 0 view .LVU38
 147 0042 0B4B     		ldr	r3, .L12+16
 148 0044 6422     		movs	r2, #100
 149 0046 1A80     		strh	r2, [r3]	@ movhi
  48:Core/Src/it_handlers.c ****             status_button = !status_button;
 150              		.loc 1 48 13 is_stmt 1 view .LVU39
 151 0048 0A4A     		ldr	r2, .L12+20
 152 004a 1378     		ldrb	r3, [r2]	@ zero_extendqisi2
 153 004c 83F00103 		eor	r3, r3, #1
 154              		.loc 1 48 27 is_stmt 0 view .LVU40
 155 0050 1370     		strb	r3, [r2]
 156              	.L11:
  49:Core/Src/it_handlers.c ****         }
  50:Core/Src/it_handlers.c ****         SET_BIT(EXTI->PR, EXTI_PR_PR13);
 157              		.loc 1 50 9 is_stmt 1 view .LVU41
 158 0052 034A     		ldr	r2, .L12
 159 0054 5369     		ldr	r3, [r2, #20]
 160 0056 43F40053 		orr	r3, r3, #8192
 161 005a 5361     		str	r3, [r2, #20]
 162              	.L7:
  51:Core/Src/it_handlers.c ****     }
  52:Core/Src/it_handlers.c **** }
 163              		.loc 1 52 1 is_stmt 0 view .LVU42
 164 005c 7047     		bx	lr
 165              	.L13:
 166 005e 00BF     		.align	2
 167              	.L12:
 168 0060 003C0140 		.word	1073822720
 169 0064 00000000 		.word	right_delay_counter
 170 0068 00000000 		.word	right_encoder_ticks
 171 006c 00080240 		.word	1073874944
 172 0070 00000000 		.word	button_delay_counter
 173 0074 00000000 		.word	status_button
 174              		.cfi_endproc
 175              	.LFE131:
 177              		.section	.text.EXTI9_5_IRQHandler,"ax",%progbits
 178              		.align	1
 179              		.global	EXTI9_5_IRQHandler
 180              		.syntax unified
ARM GAS  C:\Users\parni\AppData\Local\Temp\ccUkJq5N.s 			page 5


 181              		.thumb
 182              		.thumb_func
 184              	EXTI9_5_IRQHandler:
 185              	.LFB132:
  53:Core/Src/it_handlers.c **** 
  54:Core/Src/it_handlers.c ****     // Обработчик прерываний с левого энкодера PC8
  55:Core/Src/it_handlers.c ****     void EXTI9_5_IRQHandler(void)
  56:Core/Src/it_handlers.c ****     {
 186              		.loc 1 56 5 is_stmt 1 view -0
 187              		.cfi_startproc
 188              		@ args = 0, pretend = 0, frame = 0
 189              		@ frame_needed = 0, uses_anonymous_args = 0
 190              		@ link register save eliminated.
  57:Core/Src/it_handlers.c ****         SET_BIT(EXTI->PR, EXTI_PR_PR12);
 191              		.loc 1 57 9 view .LVU44
 192 0000 074A     		ldr	r2, .L16
 193 0002 5369     		ldr	r3, [r2, #20]
 194 0004 43F48053 		orr	r3, r3, #4096
 195 0008 5361     		str	r3, [r2, #20]
  58:Core/Src/it_handlers.c ****         if (right_delay_counter == 0)
 196              		.loc 1 58 9 view .LVU45
 197              		.loc 1 58 33 is_stmt 0 view .LVU46
 198 000a 064B     		ldr	r3, .L16+4
 199 000c 1B68     		ldr	r3, [r3]
 200              		.loc 1 58 12 view .LVU47
 201 000e 33B9     		cbnz	r3, .L14
  59:Core/Src/it_handlers.c ****         {
  60:Core/Src/it_handlers.c ****             right_encoder_ticks++;
 202              		.loc 1 60 13 is_stmt 1 view .LVU48
 203              		.loc 1 60 32 is_stmt 0 view .LVU49
 204 0010 054A     		ldr	r2, .L16+8
 205 0012 1388     		ldrh	r3, [r2]
 206 0014 0133     		adds	r3, r3, #1
 207 0016 1380     		strh	r3, [r2]	@ movhi
  61:Core/Src/it_handlers.c ****             right_delay_counter = 60;
 208              		.loc 1 61 13 is_stmt 1 view .LVU50
 209              		.loc 1 61 33 is_stmt 0 view .LVU51
 210 0018 024B     		ldr	r3, .L16+4
 211 001a 3C22     		movs	r2, #60
 212 001c 1A60     		str	r2, [r3]
 213              	.L14:
  62:Core/Src/it_handlers.c ****         }
  63:Core/Src/it_handlers.c ****     }
 214              		.loc 1 63 5 view .LVU52
 215 001e 7047     		bx	lr
 216              	.L17:
 217              		.align	2
 218              	.L16:
 219 0020 003C0140 		.word	1073822720
 220 0024 00000000 		.word	right_delay_counter
 221 0028 00000000 		.word	right_encoder_ticks
 222              		.cfi_endproc
 223              	.LFE132:
 225              		.text
 226              	.Letext0:
 227              		.file 2 "C:/SysGCC/arm-eabi/arm-none-eabi/include/machine/_default_types.h"
 228              		.file 3 "C:/SysGCC/arm-eabi/arm-none-eabi/include/sys/_stdint.h"
ARM GAS  C:\Users\parni\AppData\Local\Temp\ccUkJq5N.s 			page 6


 229              		.file 4 "Core/Src/..\\Inc\\..\\..\\CMSIS\\Devices\\STM32F4xx\\Inc\\STM32F411xE\\stm32f411xe.h"
ARM GAS  C:\Users\parni\AppData\Local\Temp\ccUkJq5N.s 			page 7


DEFINED SYMBOLS
                            *ABS*:00000000 it_handlers.c
C:\Users\parni\AppData\Local\Temp\ccUkJq5N.s:21     .text.SysTick_Handler:00000000 $t
C:\Users\parni\AppData\Local\Temp\ccUkJq5N.s:27     .text.SysTick_Handler:00000000 SysTick_Handler
C:\Users\parni\AppData\Local\Temp\ccUkJq5N.s:75     .text.SysTick_Handler:00000028 $d
C:\Users\parni\AppData\Local\Temp\ccUkJq5N.s:82     .text.EXTI15_10_IRQHandler:00000000 $t
C:\Users\parni\AppData\Local\Temp\ccUkJq5N.s:88     .text.EXTI15_10_IRQHandler:00000000 EXTI15_10_IRQHandler
C:\Users\parni\AppData\Local\Temp\ccUkJq5N.s:168    .text.EXTI15_10_IRQHandler:00000060 $d
C:\Users\parni\AppData\Local\Temp\ccUkJq5N.s:178    .text.EXTI9_5_IRQHandler:00000000 $t
C:\Users\parni\AppData\Local\Temp\ccUkJq5N.s:184    .text.EXTI9_5_IRQHandler:00000000 EXTI9_5_IRQHandler
C:\Users\parni\AppData\Local\Temp\ccUkJq5N.s:219    .text.EXTI9_5_IRQHandler:00000020 $d

UNDEFINED SYMBOLS
left_delay_counter
right_delay_counter
button_delay_counter
right_encoder_ticks
status_button
