ARM GAS  C:\Users\parni\AppData\Local\Temp\ccCOJzjQ.s 			page 1


   1              		.cpu cortex-m4
   2              		.arch armv7e-m
   3              		.fpu fpv4-sp-d16
   4              		.eabi_attribute 27, 1
   5              		.eabi_attribute 28, 1
   6              		.eabi_attribute 20, 1
   7              		.eabi_attribute 21, 1
   8              		.eabi_attribute 23, 3
   9              		.eabi_attribute 24, 1
  10              		.eabi_attribute 25, 1
  11              		.eabi_attribute 26, 1
  12              		.eabi_attribute 30, 1
  13              		.eabi_attribute 34, 1
  14              		.eabi_attribute 18, 4
  15              		.file	"main.c"
  16              		.text
  17              	.Ltext0:
  18              		.cfi_sections	.debug_frame
  19              		.file 1 "Core/Src/main.c"
  20              		.section	.text.main,"ax",%progbits
  21              		.align	1
  22              		.global	main
  23              		.syntax unified
  24              		.thumb
  25              		.thumb_func
  27              	main:
  28              	.LFB130:
   1:Core/Src/main.c **** 
   2:Core/Src/main.c **** #include "init.h"  // –ü–æ–¥–∫–ª—é—á–∞–µ–º –∑–∞–≥–æ–ª–æ–≤–æ—á–Ω—ã–π —Ñ–∞–π–ª —Å –æ–±—ä—è–≤–ª–µ–Ω–∏—
   3:Core/Src/main.c **** 
   4:Core/Src/main.c **** uint8_t pwm_state_pa8 = 0;
   5:Core/Src/main.c **** uint8_t pwm_state_pa9 = 0;
   6:Core/Src/main.c **** uint16_t left_encoder_ticks = 0;
   7:Core/Src/main.c **** uint16_t right_encoder_ticks = 0;
   8:Core/Src/main.c **** uint32_t left_delay_counter = 0;
   9:Core/Src/main.c **** uint32_t right_delay_counter = 0;
  10:Core/Src/main.c **** 
  11:Core/Src/main.c **** uint16_t button_delay_counter = 0;
  12:Core/Src/main.c **** bool status_button = 0;
  13:Core/Src/main.c **** 
  14:Core/Src/main.c **** int main(void)
  15:Core/Src/main.c **** {
  29              		.loc 1 15 1 view -0
  30              		.cfi_startproc
  31              		@ Volatile: function does not return.
  32              		@ args = 0, pretend = 0, frame = 0
  33              		@ frame_needed = 0, uses_anonymous_args = 0
  34 0000 08B5     		push	{r3, lr}
  35              	.LCFI0:
  36              		.cfi_def_cfa_offset 8
  37              		.cfi_offset 3, -8
  38              		.cfi_offset 14, -4
  16:Core/Src/main.c ****     SET_BIT(RCC->AHB1ENR, RCC_AHB1ENR_GPIOBEN | RCC_AHB1ENR_GPIOCEN);
  39              		.loc 1 16 5 view .LVU1
  40 0002 0D4A     		ldr	r2, .L4
  41 0004 136B     		ldr	r3, [r2, #48]
  42 0006 43F00603 		orr	r3, r3, #6
ARM GAS  C:\Users\parni\AppData\Local\Temp\ccCOJzjQ.s 			page 2


  43 000a 1363     		str	r3, [r2, #48]
  17:Core/Src/main.c ****     SET_BIT(GPIOC->PUPDR, GPIO_PUPDR_PUPDR12_0);
  44              		.loc 1 17 5 view .LVU2
  45 000c A2F54052 		sub	r2, r2, #12288
  46 0010 D368     		ldr	r3, [r2, #12]
  47 0012 43F08073 		orr	r3, r3, #16777216
  48 0016 D360     		str	r3, [r2, #12]
  18:Core/Src/main.c ****     // –ò–Ω–∏—Ü–∏–∞–ª–∏–∑–∏—Ä—É–µ–º –ø—Ä–µ—Ä—ã–≤–∞–Ω–∏—è
  19:Core/Src/main.c ****     ITR_Init();
  49              		.loc 1 19 5 view .LVU3
  50 0018 FFF7FEFF 		bl	ITR_Init
  51              	.LVL0:
  20:Core/Src/main.c ****     // –ò–Ω–∏—Ü–∏–∞–ª–∏–∑–∏—Ä—É–µ–º —Ç–∞–∫—Ç–∏—Ä–æ–≤–∞–Ω–∏–µ —Å–∏—Å—Ç–µ–º—ã (RCC)
  21:Core/Src/main.c ****     RCC_Init();            // –ù–∞—Å—Ç—Ä–∞–∏–≤–∞–µ—Ç —Ç–∞–∫—Ç–æ–≤—É—é —á–∞—Å—Ç–æ—Ç—É 96 –ú–ì—Ü
  52              		.loc 1 21 5 view .LVU4
  53 001c FFF7FEFF 		bl	RCC_Init
  54              	.LVL1:
  22:Core/Src/main.c ****     
  23:Core/Src/main.c ****     // –ò–Ω–∏—Ü–∏–∞–ª–∏–∑–∏—Ä—É–µ–º SysTick (–æ–ø—Ü–∏–æ–Ω–∞–ª—å–Ω–æ, –¥–ª—è –∑–∞–¥–µ—Ä–∂–µ–∫)
  24:Core/Src/main.c ****     SysTick_Init();        // –ù–∞—Å—Ç—Ä–∞–∏–≤–∞–µ—Ç —Å–∏—Å—Ç–µ–º–Ω—ã–π —Ç–∞–π–º–µ—Ä –Ω–∞ 1 –∫–ì—Ü
  55              		.loc 1 24 5 view .LVU5
  56 0020 FFF7FEFF 		bl	SysTick_Init
  57              	.LVL2:
  25:Core/Src/main.c ****     
  26:Core/Src/main.c ****     // –ò–Ω–∏—Ü–∏–∞–ª–∏–∑–∏—Ä—É–µ–º –®–ò–ú
  27:Core/Src/main.c ****     TIM1_PWM_Init();       // –ù–∞—Å—Ç—Ä–∞–∏–≤–∞–µ—Ç TIM1 –¥–ª—è –®–ò–ú –Ω–∞ PA8 –∏ PA9
  58              		.loc 1 27 5 view .LVU6
  59 0024 FFF7FEFF 		bl	TIM1_PWM_Init
  60              	.LVL3:
  28:Core/Src/main.c ****     
  29:Core/Src/main.c ****     // –¢–µ–ø–µ—Ä—å –º–æ–∂–Ω–æ –∏—Å–ø–æ–ª—å–∑–æ–≤–∞—Ç—å —Ñ—É–Ω–∫—Ü–∏–∏ —É—Å—Ç–∞–Ω–æ–≤–∫–∏ –∫–æ—ç—Ñ—
  30:Core/Src/main.c ****     Set_PWM_PA8_DutyCycle(75);    // –£—Å—Ç–∞–Ω–æ–≤–∏—Ç—å 0% –Ω–∞ PA8
  61              		.loc 1 30 5 view .LVU7
  62 0028 4B20     		movs	r0, #75
  63 002a FFF7FEFF 		bl	Set_PWM_PA8_DutyCycle
  64              	.LVL4:
  31:Core/Src/main.c ****     Set_PWM_PA9_DutyCycle(75);    // –£—Å—Ç–∞–Ω–æ–≤–∏—Ç—å 0% –Ω–∞ PA9
  65              		.loc 1 31 5 view .LVU8
  66 002e 4B20     		movs	r0, #75
  67 0030 FFF7FEFF 		bl	Set_PWM_PA9_DutyCycle
  68              	.LVL5:
  69              	.L2:
  32:Core/Src/main.c ****     while(1)
  70              		.loc 1 32 5 view .LVU9
  33:Core/Src/main.c ****     {
  34:Core/Src/main.c ****     }
  71              		.loc 1 34 5 view .LVU10
  32:Core/Src/main.c ****     while(1)
  72              		.loc 1 32 10 view .LVU11
  73 0034 FEE7     		b	.L2
  74              	.L5:
  75 0036 00BF     		.align	2
  76              	.L4:
  77 0038 00380240 		.word	1073887232
  78              		.cfi_endproc
  79              	.LFE130:
  81              		.global	status_button
ARM GAS  C:\Users\parni\AppData\Local\Temp\ccCOJzjQ.s 			page 3


  82              		.section	.bss.status_button,"aw",%nobits
  85              	status_button:
  86 0000 00       		.space	1
  87              		.global	button_delay_counter
  88              		.section	.bss.button_delay_counter,"aw",%nobits
  89              		.align	1
  92              	button_delay_counter:
  93 0000 0000     		.space	2
  94              		.global	right_delay_counter
  95              		.section	.bss.right_delay_counter,"aw",%nobits
  96              		.align	2
  99              	right_delay_counter:
 100 0000 00000000 		.space	4
 101              		.global	left_delay_counter
 102              		.section	.bss.left_delay_counter,"aw",%nobits
 103              		.align	2
 106              	left_delay_counter:
 107 0000 00000000 		.space	4
 108              		.global	right_encoder_ticks
 109              		.section	.bss.right_encoder_ticks,"aw",%nobits
 110              		.align	1
 113              	right_encoder_ticks:
 114 0000 0000     		.space	2
 115              		.global	left_encoder_ticks
 116              		.section	.bss.left_encoder_ticks,"aw",%nobits
 117              		.align	1
 120              	left_encoder_ticks:
 121 0000 0000     		.space	2
 122              		.global	pwm_state_pa9
 123              		.section	.bss.pwm_state_pa9,"aw",%nobits
 126              	pwm_state_pa9:
 127 0000 00       		.space	1
 128              		.global	pwm_state_pa8
 129              		.section	.bss.pwm_state_pa8,"aw",%nobits
 132              	pwm_state_pa8:
 133 0000 00       		.space	1
 134              		.text
 135              	.Letext0:
 136              		.file 2 "C:/SysGCC/arm-eabi/arm-none-eabi/include/machine/_default_types.h"
 137              		.file 3 "C:/SysGCC/arm-eabi/arm-none-eabi/include/sys/_stdint.h"
 138              		.file 4 "Core/Inc/..\\..\\CMSIS\\Devices\\STM32F4xx\\Inc\\STM32F411xE\\stm32f411xe.h"
 139              		.file 5 "Core/Inc/init.h"
ARM GAS  C:\Users\parni\AppData\Local\Temp\ccCOJzjQ.s 			page 4


DEFINED SYMBOLS
                            *ABS*:00000000 main.c
C:\Users\parni\AppData\Local\Temp\ccCOJzjQ.s:21     .text.main:00000000 $t
C:\Users\parni\AppData\Local\Temp\ccCOJzjQ.s:27     .text.main:00000000 main
C:\Users\parni\AppData\Local\Temp\ccCOJzjQ.s:77     .text.main:00000038 $d
C:\Users\parni\AppData\Local\Temp\ccCOJzjQ.s:85     .bss.status_button:00000000 status_button
C:\Users\parni\AppData\Local\Temp\ccCOJzjQ.s:86     .bss.status_button:00000000 $d
C:\Users\parni\AppData\Local\Temp\ccCOJzjQ.s:92     .bss.button_delay_counter:00000000 button_delay_counter
C:\Users\parni\AppData\Local\Temp\ccCOJzjQ.s:89     .bss.button_delay_counter:00000000 $d
C:\Users\parni\AppData\Local\Temp\ccCOJzjQ.s:99     .bss.right_delay_counter:00000000 right_delay_counter
C:\Users\parni\AppData\Local\Temp\ccCOJzjQ.s:96     .bss.right_delay_counter:00000000 $d
C:\Users\parni\AppData\Local\Temp\ccCOJzjQ.s:106    .bss.left_delay_counter:00000000 left_delay_counter
C:\Users\parni\AppData\Local\Temp\ccCOJzjQ.s:103    .bss.left_delay_counter:00000000 $d
C:\Users\parni\AppData\Local\Temp\ccCOJzjQ.s:113    .bss.right_encoder_ticks:00000000 right_encoder_ticks
C:\Users\parni\AppData\Local\Temp\ccCOJzjQ.s:110    .bss.right_encoder_ticks:00000000 $d
C:\Users\parni\AppData\Local\Temp\ccCOJzjQ.s:120    .bss.left_encoder_ticks:00000000 left_encoder_ticks
C:\Users\parni\AppData\Local\Temp\ccCOJzjQ.s:117    .bss.left_encoder_ticks:00000000 $d
C:\Users\parni\AppData\Local\Temp\ccCOJzjQ.s:126    .bss.pwm_state_pa9:00000000 pwm_state_pa9
C:\Users\parni\AppData\Local\Temp\ccCOJzjQ.s:127    .bss.pwm_state_pa9:00000000 $d
C:\Users\parni\AppData\Local\Temp\ccCOJzjQ.s:132    .bss.pwm_state_pa8:00000000 pwm_state_pa8
C:\Users\parni\AppData\Local\Temp\ccCOJzjQ.s:133    .bss.pwm_state_pa8:00000000 $d

UNDEFINED SYMBOLS
ITR_Init
RCC_Init
SysTick_Init
TIM1_PWM_Init
Set_PWM_PA8_DutyCycle
Set_PWM_PA9_DutyCycle
